[15:42:39] [ServerMain/INFO]: [bootstrap] Running Java 21 (OpenJDK 64-Bit Server VM 21.0.5+11-Ubuntu-1ubuntu120.04; Ubuntu null) on Linux 6.5.0-1025-azure (amd64)
[15:42:39] [ServerMain/INFO]: [bootstrap] Loading Paper 1.21-130-master@b1b5d4c (2024-08-10T10:02:42Z) for Minecraft 1.21
[15:42:39] [ServerMain/INFO]: [PluginInitializerManager] Initializing plugins...
[15:42:39] [ServerMain/INFO]: [PluginInitializerManager] Initialized 0 plugins
[15:42:41] [Paper Plugin Remapper Thread - 0/INFO]: [ReobfServer] Remapping server...
[15:42:50] [ServerMain/INFO]: Environment: Environment[sessionHost=https://sessionserver.mojang.com, servicesHost=https://api.minecraftservices.com, name=PROD]
[15:42:51] [ServerMain/INFO]: Found new data pack file/bukkit, loading it automatically
[15:42:51] [ServerMain/INFO]: Found new data pack paper, loading it automatically
[15:42:53] [ServerMain/INFO]: No existing world data, creating new world
[15:42:55] [ServerMain/INFO]: Loaded 1290 recipes
[15:42:56] [ServerMain/INFO]: Loaded 1399 advancements
[15:42:57] [Server thread/INFO]: Starting minecraft server version 1.21
[15:42:57] [Server thread/INFO]: Loading properties
[15:42:57] [Server thread/INFO]: This server is running Paper version 1.21-130-master@b1b5d4c (2024-08-10T10:02:42Z) (Implementing API version 1.21-R0.1-SNAPSHOT)
[15:42:57] [Paper Plugin Remapper Thread - 0/INFO]: [ReobfServer] Done remapping server in 16169ms.
[15:42:58] [Server thread/INFO]: [spark] This server bundles the spark profiler. For more information please visit https://docs.papermc.io/paper/profiling
[15:42:58] [Server thread/INFO]: Server Ping Player Sample Count: 12
[15:42:58] [Server thread/INFO]: Using 4 threads for Netty based IO
[15:42:59] [Server thread/INFO]: [ChunkTaskScheduler] Chunk system is using 1 I/O threads, 1 worker threads, and population gen parallelism of 1 threads
[15:43:00] [Server thread/INFO]: Default game type: SURVIVAL
[15:43:00] [Server thread/INFO]: Generating keypair
[15:43:00] [Server thread/INFO]: Starting Minecraft server on *:25565
[15:43:00] [Server thread/INFO]: Using epoll channel type
[15:43:00] [Server thread/INFO]: Paper: Using libdeflate (Linux x86_64) compression from Velocity.
[15:43:00] [Server thread/INFO]: Paper: Using OpenSSL 1.1.x (Linux x86_64) cipher from Velocity.
[15:43:00] [Server thread/WARN]: **** SERVER IS RUNNING IN OFFLINE/INSECURE MODE!
[15:43:00] [Server thread/WARN]: The server will make no attempt to authenticate usernames. Beware.
[15:43:00] [Server thread/WARN]: While this makes the game possible to play without internet access, it also opens up the ability for hackers to connect with any username they choose.
[15:43:00] [Server thread/WARN]: To change this, set "online-mode" to "true" in the server.properties file.
[15:43:00] [Server thread/INFO]: Preparing level "world"
[15:43:17] [Server thread/INFO]: Preparing start region for dimension minecraft:overworld
[15:43:27] [Server thread/INFO]: Time elapsed: 10461 ms
[15:43:27] [Server thread/INFO]: Preparing start region for dimension minecraft:the_nether
[15:43:31] [Server thread/INFO]: Time elapsed: 3703 ms
[15:43:31] [Server thread/INFO]: Preparing start region for dimension minecraft:the_end
[15:43:32] [Server thread/INFO]: Time elapsed: 865 ms
[15:43:32] [Server thread/INFO]: [spark] Starting background profiler...
[15:43:32] [Server thread/INFO]: Done preparing level "world" (32.452s)
[15:43:32] [Server thread/INFO]: Running delayed init tasks
[15:43:32] [Server thread/INFO]: Done (55.318s)! For help, type "help"
[15:43:32] [Server thread/INFO]: *************************************************************************************
[15:43:32] [Server thread/INFO]: This is the first time you're starting this server.
[15:43:32] [Server thread/INFO]: It's recommended you read our 'Getting Started' documentation for guidance.
[15:43:32] [Server thread/INFO]: View this and more helpful information here: https://docs.papermc.io/paper/next-steps
[15:43:32] [Server thread/INFO]: *************************************************************************************
[15:43:32] [Server thread/INFO]: Timings Reset
[15:46:22] [User Authenticator #0/INFO]: UUID of player IvanProMiner is ef5696bd-c72d-3eb7-9589-b2e876d26a0b
[15:46:24] [Server thread/INFO]: IvanProMiner joined the game
[15:46:24] [Server thread/INFO]: IvanProMiner[/[0:0:0:0:0:0:0:1%0]:58334] logged in with entity id 30 at ([world]-21.5, 70.0, -5.5)
[15:46:56] [Server thread/INFO]: Unknown or incomplete command, see below for error
/op IvanProMiner<--[HERE]
[15:48:49] [Server thread/INFO]: Unknown or incomplete command, see below for error
/op IvanProMiner<--[HERE]
[15:50:25] [Server thread/INFO]: Unknown or incomplete command, see below for error
1<--[HERE]
[15:50:39] [Server thread/INFO]: Unknown or incomplete command, see below for error
2<--[HERE]
[15:51:22] [Server thread/INFO]: IvanProMiner lost connection: Timed out
[15:51:22] [Server thread/INFO]: IvanProMiner left the game
